<?xml version="1.0" encoding="UTF-8"?>
<coverage generated="1668520466028" clover="3.2.0">
  <project timestamp="1668520466028" name="All files">
    <metrics statements="18" coveredstatements="10" conditionals="1" coveredconditionals="0" methods="2" coveredmethods="1" elements="21" coveredelements="11" complexity="0" loc="18" ncloc="18" packages="2" files="2" classes="2"/>
    <package name="src">
      <metrics statements="7" coveredstatements="0" conditionals="0" coveredconditionals="0" methods="1" coveredmethods="0"/>
      <file name="getExecutionTime.ts" path="C:\Users\natal\OneDrive\Escritorio\Curso N1.5\fibonacci\src\getExecutionTime.ts">
        <metrics statements="7" coveredstatements="0" conditionals="0" coveredconditionals="0" methods="1" coveredmethods="0"/>
        <line num="1" count="0" type="stmt"/>
        <line num="3" count="0" type="stmt"/>
        <line num="4" count="0" type="stmt"/>
        <line num="5" count="0" type="stmt"/>
        <line num="6" count="0" type="stmt"/>
        <line num="7" count="0" type="stmt"/>
        <line num="11" count="0" type="stmt"/>
      </file>
    </package>
    <package name="src.getFibonacci">
      <metrics statements="11" coveredstatements="10" conditionals="1" coveredconditionals="0" methods="1" coveredmethods="1"/>
      <file name="getFibonacci.ts" path="C:\Users\natal\OneDrive\Escritorio\Curso N1.5\fibonacci\src\getFibonacci\getFibonacci.ts">
        <metrics statements="11" coveredstatements="10" conditionals="1" coveredconditionals="0" methods="1" coveredmethods="1"/>
        <line num="1" count="1" type="stmt"/>
        <line num="2" count="1" type="cond" truecount="0" falsecount="1"/>
        <line num="3" count="0" type="stmt"/>
        <line num="6" count="1" type="stmt"/>
        <line num="8" count="1" type="stmt"/>
        <line num="9" count="1" type="stmt"/>
        <line num="10" count="5" type="stmt"/>
        <line num="11" count="5" type="stmt"/>
        <line num="12" count="5" type="stmt"/>
        <line num="15" count="1" type="stmt"/>
        <line num="18" count="1" type="stmt"/>
      </file>
    </package>
  </project>
</coverage>
