{"C:\\Users\\natal\\OneDrive\\Escritorio\\Curso N1.5\\fibonacci\\src\\getExecutionTime.ts": {"path":"C:\\Users\\natal\\OneDrive\\Escritorio\\Curso N1.5\\fibonacci\\src\\getExecutionTime.ts","statementMap":{"0":{"start":{"line":1,"column":0},"end":{"line":1,"column":55}},"1":{"start":{"line":3,"column":25},"end":{"line":9,"column":1}},"2":{"start":{"line":4,"column":2},"end":{"line":8,"column":null}},"3":{"start":{"line":4,"column":15},"end":{"line":4,"column":16}},"4":{"start":{"line":5,"column":4},"end":{"line":5,"column":30}},"5":{"start":{"line":6,"column":4},"end":{"line":6,"column":20}},"6":{"start":{"line":7,"column":4},"end":{"line":7,"column":33}},"7":{"start":{"line":11,"column":0},"end":{"line":11,"column":32}}},"fnMap":{"0":{"name":"(anonymous_1)","decl":{"start":{"line":3,"column":25},"end":{"line":3,"column":28}},"loc":{"start":{"line":3,"column":30},"end":{"line":9,"column":1}}}},"branchMap":{},"s":{"0":0,"1":0,"2":0,"3":0,"4":0,"5":0,"6":0,"7":0},"f":{"0":0},"b":{}}
,"C:\\Users\\natal\\OneDrive\\Escritorio\\Curso N1.5\\fibonacci\\src\\getFibonacci\\getFibonacci.ts": {"path":"C:\\Users\\natal\\OneDrive\\Escritorio\\Curso N1.5\\fibonacci\\src\\getFibonacci\\getFibonacci.ts","statementMap":{"0":{"start":{"line":1,"column":21},"end":{"line":16,"column":1}},"1":{"start":{"line":2,"column":2},"end":{"line":4,"column":null}},"2":{"start":{"line":3,"column":4},"end":{"line":3,"column":18}},"3":{"start":{"line":6,"column":25},"end":{"line":6,"column":26}},"4":{"start":{"line":8,"column":19},"end":{"line":8,"column":20}},"5":{"start":{"line":9,"column":2},"end":{"line":13,"column":null}},"6":{"start":{"line":9,"column":15},"end":{"line":9,"column":16}},"7":{"start":{"line":10,"column":4},"end":{"line":10,"column":49}},"8":{"start":{"line":11,"column":4},"end":{"line":11,"column":34}},"9":{"start":{"line":12,"column":4},"end":{"line":12,"column":30}},"10":{"start":{"line":15,"column":2},"end":{"line":15,"column":22}},"11":{"start":{"line":18,"column":0},"end":{"line":18,"column":28}}},"fnMap":{"0":{"name":"(anonymous_0)","decl":{"start":{"line":1,"column":21},"end":{"line":1,"column":22}},"loc":{"start":{"line":1,"column":40},"end":{"line":16,"column":1}}}},"branchMap":{"0":{"loc":{"start":{"line":2,"column":2},"end":{"line":4,"column":null}},"type":"if","locations":[{"start":{"line":2,"column":2},"end":{"line":4,"column":null}}]}},"s":{"0":1,"1":1,"2":0,"3":1,"4":1,"5":1,"6":1,"7":5,"8":5,"9":5,"10":1,"11":1},"f":{"0":1},"b":{"0":[0]}}
}
